JUnit version 4.13.2
.E.E
Time: 0.596
There were 2 failures:
1) testMergeRightEnd(TestListExamples)
org.junit.runners.model.TestTimedOutException: test timed out after 500 milliseconds
	at java.base@11.0.20.1/java.util.Arrays.copyOf(Arrays.java:3720)
	at java.base@11.0.20.1/java.util.Arrays.copyOf(Arrays.java:3689)
	at java.base@11.0.20.1/java.util.ArrayList.grow(ArrayList.java:238)
	at java.base@11.0.20.1/java.util.ArrayList.grow(ArrayList.java:243)
	at java.base@11.0.20.1/java.util.ArrayList.add(ArrayList.java:486)
	at java.base@11.0.20.1/java.util.ArrayList.add(ArrayList.java:499)
	at app//ListExamples.merge(ListExamples.java:42)
	at app//TestListExamples.testMergeRightEnd(TestListExamples.java:27)
2) testFilter(TestListExamples)
java.lang.AssertionError: expected:<[moon, Moon, moON]> but was:<[moON, Moon, moon]>
	at org.junit.Assert.fail(Assert.java:89)
	at org.junit.Assert.failNotEquals(Assert.java:835)
	at org.junit.Assert.assertEquals(Assert.java:120)
	at org.junit.Assert.assertEquals(Assert.java:146)
	at TestListExamples.testFilter(TestListExamples.java:19)

FAILURES!!!
Tests run: 2,  Failures: 2

